<?xml version="1.0" encoding="UTF-8"?>
<testng-results skipped="0" failed="1" ignored="0" total="2" passed="1">
  <reporter-output>
  </reporter-output>
  <suite name="Default suite" duration-ms="73019" started-at="2020-07-23T17:27:00 IST" finished-at="2020-07-23T17:28:13 IST">
    <groups>
    </groups>
    <test name="Default test" duration-ms="73019" started-at="2020-07-23T17:27:00 IST" finished-at="2020-07-23T17:28:13 IST">
      <class name="org.com.TestCases.HomePageTest">
        <test-method status="PASS" signature="Gameon()[pri:0, instance:org.com.TestCases.HomePageTest@9660f4e]" name="Gameon" is-config="true" duration-ms="25158" started-at="2020-07-23T17:27:00 IST" finished-at="2020-07-23T17:27:25 IST">
          <reporter-output>
          </reporter-output>
        </test-method> <!-- Gameon -->
        <test-method status="PASS" signature="verifyHomePageTitleTest()[pri:1, instance:org.com.TestCases.HomePageTest@9660f4e]" name="verifyHomePageTitleTest" duration-ms="126" started-at="2020-07-23T17:27:25 IST" finished-at="2020-07-23T17:27:25 IST">
          <reporter-output>
          </reporter-output>
        </test-method> <!-- verifyHomePageTitleTest -->
        <test-method status="PASS" signature="teardown()[pri:0, instance:org.com.TestCases.HomePageTest@9660f4e]" name="teardown" is-config="true" duration-ms="1109" started-at="2020-07-23T17:27:25 IST" finished-at="2020-07-23T17:27:26 IST">
          <reporter-output>
          </reporter-output>
        </test-method> <!-- teardown -->
        <test-method status="PASS" signature="Gameon()[pri:0, instance:org.com.TestCases.HomePageTest@9660f4e]" name="Gameon" is-config="true" duration-ms="23065" started-at="2020-07-23T17:27:26 IST" finished-at="2020-07-23T17:27:49 IST">
          <reporter-output>
          </reporter-output>
        </test-method> <!-- Gameon -->
        <test-method status="FAIL" signature="verifyUserNameTest()[pri:2, instance:org.com.TestCases.HomePageTest@9660f4e]" name="verifyUserNameTest" duration-ms="21704" started-at="2020-07-23T17:27:49 IST" finished-at="2020-07-23T17:28:11 IST">
          <exception class="org.openqa.selenium.NoSuchFrameException">
            <message>
              <![CDATA[No frame element found by name or id mainpanel
Build info: version: '3.141.59', revision: 'e82be7d358', time: '2018-11-14T08:17:03'
System info: host: 'WINDOWS-1P4OCOH', ip: '192.168.43.25', os.name: 'Windows 10', os.arch: 'amd64', os.version: '10.0', java.version: '1.8.0_66'
Driver info: driver.version: unknown]]>
            </message>
            <full-stacktrace>
              <![CDATA[org.openqa.selenium.NoSuchFrameException: No frame element found by name or id mainpanel
Build info: version: '3.141.59', revision: 'e82be7d358', time: '2018-11-14T08:17:03'
System info: host: 'WINDOWS-1P4OCOH', ip: '192.168.43.25', os.name: 'Windows 10', os.arch: 'amd64', os.version: '10.0', java.version: '1.8.0_66'
Driver info: driver.version: unknown
at org.openqa.selenium.remote.RemoteWebDriver$RemoteTargetLocator.frame(RemoteWebDriver.java:885)
at org.com.Utility.CommonUtil.switchToFrame(CommonUtil.java:11)
at org.com.TestCases.HomePageTest.verifyUserNameTest(HomePageTest.java:35)
at sun.reflect.NativeMethodAccessorImpl.invoke0(Native Method)
at sun.reflect.NativeMethodAccessorImpl.invoke(NativeMethodAccessorImpl.java:62)
at sun.reflect.DelegatingMethodAccessorImpl.invoke(DelegatingMethodAccessorImpl.java:43)
at java.lang.reflect.Method.invoke(Method.java:497)
at org.testng.internal.MethodInvocationHelper.invokeMethod(MethodInvocationHelper.java:134)
at org.testng.internal.TestInvoker.invokeMethod(TestInvoker.java:597)
at org.testng.internal.TestInvoker.invokeTestMethod(TestInvoker.java:173)
at org.testng.internal.MethodRunner.runInSequence(MethodRunner.java:46)
at org.testng.internal.TestInvoker$MethodInvocationAgent.invoke(TestInvoker.java:816)
at org.testng.internal.TestInvoker.invokeTestMethods(TestInvoker.java:146)
at org.testng.internal.TestMethodWorker.invokeTestMethods(TestMethodWorker.java:146)
at org.testng.internal.TestMethodWorker.run(TestMethodWorker.java:128)
at java.util.ArrayList.forEach(ArrayList.java:1249)
at org.testng.TestRunner.privateRun(TestRunner.java:766)
at org.testng.TestRunner.run(TestRunner.java:587)
at org.testng.SuiteRunner.runTest(SuiteRunner.java:384)
at org.testng.SuiteRunner.runSequentially(SuiteRunner.java:378)
at org.testng.SuiteRunner.privateRun(SuiteRunner.java:337)
at org.testng.SuiteRunner.run(SuiteRunner.java:286)
at org.testng.SuiteRunnerWorker.runSuite(SuiteRunnerWorker.java:53)
at org.testng.SuiteRunnerWorker.run(SuiteRunnerWorker.java:96)
at org.testng.TestNG.runSuitesSequentially(TestNG.java:1187)
at org.testng.TestNG.runSuitesLocally(TestNG.java:1109)
at org.testng.TestNG.runSuites(TestNG.java:1039)
at org.testng.TestNG.run(TestNG.java:1007)
at org.testng.remote.AbstractRemoteTestNG.run(AbstractRemoteTestNG.java:115)
at org.testng.remote.RemoteTestNG.initAndRun(RemoteTestNG.java:251)
at org.testng.remote.RemoteTestNG.main(RemoteTestNG.java:77)
]]>
            </full-stacktrace>
          </exception> <!-- org.openqa.selenium.NoSuchFrameException -->
          <reporter-output>
          </reporter-output>
        </test-method> <!-- verifyUserNameTest -->
        <test-method status="PASS" signature="teardown()[pri:0, instance:org.com.TestCases.HomePageTest@9660f4e]" name="teardown" is-config="true" duration-ms="1395" started-at="2020-07-23T17:28:11 IST" finished-at="2020-07-23T17:28:13 IST">
          <reporter-output>
          </reporter-output>
        </test-method> <!-- teardown -->
      </class> <!-- org.com.TestCases.HomePageTest -->
    </test> <!-- Default test -->
  </suite> <!-- Default suite -->
</testng-results>
